{ message: 'working here', level: 'info' }
{
  ok: 0,
  code: 8000,
  codeName: 'AtlasError',
  connectionGeneration: 0,
  level: 'error',
  [Symbol(errorLabels)]: Set(2) { 'HandshakeError', 'ResetPool' }
}
{
  ok: 0,
  code: 8000,
  codeName: 'AtlasError',
  connectionGeneration: 0,
  level: 'error',
  [Symbol(errorLabels)]: Set(2) { 'HandshakeError', 'ResetPool' }
}
{
  ok: 0,
  code: 8000,
  codeName: 'AtlasError',
  connectionGeneration: 0,
  level: 'error',
  [Symbol(errorLabels)]: Set(2) { 'HandshakeError', 'ResetPool' }
}
{
  ok: 0,
  code: 8000,
  codeName: 'AtlasError',
  connectionGeneration: 0,
  level: 'error',
  [Symbol(errorLabels)]: Set(2) { 'HandshakeError', 'ResetPool' }
}
{
  meta: {
    req: {
      url: '/api/movies',
      headers: {
        host: 'localhost:8080',
        connection: 'keep-alive',
        'content-length': '554',
        pragma: 'no-cache',
        'cache-control': 'no-cache',
        'sec-ch-ua': '"Chromium";v="110", "Not A(Brand";v="24", "Google Chrome";v="110"',
        accept: 'application/json, text/plain, */*',
        'content-type': 'application/json',
        'sec-ch-ua-mobile': '?0',
        'user-agent': 'Mozilla/5.0 (Windows NT 10.0; Win64; x64) AppleWebKit/537.36 (KHTML, like Gecko) Chrome/110.0.0.0 Safari/537.36',
        'sec-ch-ua-platform': '"Windows"',
        origin: 'http://localhost:3000',
        'sec-fetch-site': 'same-site',
        'sec-fetch-mode': 'cors',
        'sec-fetch-dest': 'empty',
        referer: 'http://localhost:3000/',
        'accept-encoding': 'gzip, deflate, br',
        'accept-language': 'en-US,en;q=0.9,kk;q=0.8'
      },
      method: 'POST',
      httpVersion: '1.1',
      originalUrl: '/api/movies',
      query: {}
    },
    res: { statusCode: 200 },
    responseTime: 97
  },
  level: 'info',
  message: 'HTTP POST /api/movies'
}
{
  meta: {
    req: {
      url: '/api/movies',
      headers: {
        host: 'localhost:8080',
        connection: 'keep-alive',
        'content-length': '486',
        pragma: 'no-cache',
        'cache-control': 'no-cache',
        'sec-ch-ua': '"Chromium";v="110", "Not A(Brand";v="24", "Google Chrome";v="110"',
        accept: 'application/json, text/plain, */*',
        'content-type': 'application/json',
        'sec-ch-ua-mobile': '?0',
        'user-agent': 'Mozilla/5.0 (Windows NT 10.0; Win64; x64) AppleWebKit/537.36 (KHTML, like Gecko) Chrome/110.0.0.0 Safari/537.36',
        'sec-ch-ua-platform': '"Windows"',
        origin: 'http://localhost:3000',
        'sec-fetch-site': 'same-site',
        'sec-fetch-mode': 'cors',
        'sec-fetch-dest': 'empty',
        referer: 'http://localhost:3000/',
        'accept-encoding': 'gzip, deflate, br',
        'accept-language': 'en-US,en;q=0.9,kk;q=0.8'
      },
      method: 'POST',
      httpVersion: '1.1',
      originalUrl: '/api/movies',
      query: {}
    },
    res: { statusCode: 200 },
    responseTime: 83
  },
  level: 'info',
  message: 'HTTP POST /api/movies'
}
{
  meta: {
    req: {
      url: '/api/movies',
      headers: {
        host: 'localhost:8080',
        connection: 'keep-alive',
        'content-length': '398',
        pragma: 'no-cache',
        'cache-control': 'no-cache',
        'sec-ch-ua': '"Chromium";v="110", "Not A(Brand";v="24", "Google Chrome";v="110"',
        accept: 'application/json, text/plain, */*',
        'content-type': 'application/json',
        'sec-ch-ua-mobile': '?0',
        'user-agent': 'Mozilla/5.0 (Windows NT 10.0; Win64; x64) AppleWebKit/537.36 (KHTML, like Gecko) Chrome/110.0.0.0 Safari/537.36',
        'sec-ch-ua-platform': '"Windows"',
        origin: 'http://localhost:3000',
        'sec-fetch-site': 'same-site',
        'sec-fetch-mode': 'cors',
        'sec-fetch-dest': 'empty',
        referer: 'http://localhost:3000/',
        'accept-encoding': 'gzip, deflate, br',
        'accept-language': 'en-US,en;q=0.9,kk;q=0.8'
      },
      method: 'POST',
      httpVersion: '1.1',
      originalUrl: '/api/movies',
      query: {}
    },
    res: { statusCode: 200 },
    responseTime: 91
  },
  level: 'info',
  message: 'HTTP POST /api/movies'
}
{
  meta: {
    req: {
      url: '/api/movies',
      headers: {
        host: 'localhost:8080',
        connection: 'keep-alive',
        'content-length': '504',
        pragma: 'no-cache',
        'cache-control': 'no-cache',
        'sec-ch-ua': '"Chromium";v="110", "Not A(Brand";v="24", "Google Chrome";v="110"',
        accept: 'application/json, text/plain, */*',
        'content-type': 'application/json',
        'sec-ch-ua-mobile': '?0',
        'user-agent': 'Mozilla/5.0 (Windows NT 10.0; Win64; x64) AppleWebKit/537.36 (KHTML, like Gecko) Chrome/110.0.0.0 Safari/537.36',
        'sec-ch-ua-platform': '"Windows"',
        origin: 'http://localhost:3000',
        'sec-fetch-site': 'same-site',
        'sec-fetch-mode': 'cors',
        'sec-fetch-dest': 'empty',
        referer: 'http://localhost:3000/',
        'accept-encoding': 'gzip, deflate, br',
        'accept-language': 'en-US,en;q=0.9,kk;q=0.8'
      },
      method: 'POST',
      httpVersion: '1.1',
      originalUrl: '/api/movies',
      query: {}
    },
    res: { statusCode: 200 },
    responseTime: 82
  },
  level: 'info',
  message: 'HTTP POST /api/movies'
}
{
  meta: {
    req: {
      url: '/api/movies',
      headers: {
        host: 'localhost:8080',
        connection: 'keep-alive',
        'content-length': '340',
        pragma: 'no-cache',
        'cache-control': 'no-cache',
        'sec-ch-ua': '"Chromium";v="110", "Not A(Brand";v="24", "Google Chrome";v="110"',
        accept: 'application/json, text/plain, */*',
        'content-type': 'application/json',
        'sec-ch-ua-mobile': '?0',
        'user-agent': 'Mozilla/5.0 (Windows NT 10.0; Win64; x64) AppleWebKit/537.36 (KHTML, like Gecko) Chrome/110.0.0.0 Safari/537.36',
        'sec-ch-ua-platform': '"Windows"',
        origin: 'http://localhost:3000',
        'sec-fetch-site': 'same-site',
        'sec-fetch-mode': 'cors',
        'sec-fetch-dest': 'empty',
        referer: 'http://localhost:3000/',
        'accept-encoding': 'gzip, deflate, br',
        'accept-language': 'en-US,en;q=0.9,kk;q=0.8'
      },
      method: 'POST',
      httpVersion: '1.1',
      originalUrl: '/api/movies',
      query: {}
    },
    res: { statusCode: 500 },
    responseTime: 7
  },
  level: 'info',
  message: 'HTTP POST /api/movies'
}
{
  meta: {
    req: {
      url: '/api/movies',
      headers: {
        host: 'localhost:8080',
        connection: 'keep-alive',
        'content-length': '474',
        pragma: 'no-cache',
        'cache-control': 'no-cache',
        'sec-ch-ua': '"Chromium";v="110", "Not A(Brand";v="24", "Google Chrome";v="110"',
        accept: 'application/json, text/plain, */*',
        'content-type': 'application/json',
        'sec-ch-ua-mobile': '?0',
        'user-agent': 'Mozilla/5.0 (Windows NT 10.0; Win64; x64) AppleWebKit/537.36 (KHTML, like Gecko) Chrome/110.0.0.0 Safari/537.36',
        'sec-ch-ua-platform': '"Windows"',
        origin: 'http://localhost:3000',
        'sec-fetch-site': 'same-site',
        'sec-fetch-mode': 'cors',
        'sec-fetch-dest': 'empty',
        referer: 'http://localhost:3000/',
        'accept-encoding': 'gzip, deflate, br',
        'accept-language': 'en-US,en;q=0.9,kk;q=0.8'
      },
      method: 'POST',
      httpVersion: '1.1',
      originalUrl: '/api/movies',
      query: {}
    },
    res: { statusCode: 200 },
    responseTime: 82
  },
  level: 'info',
  message: 'HTTP POST /api/movies'
}
{
  meta: {
    req: {
      url: '/api/movies',
      headers: {
        host: 'localhost:8080',
        connection: 'keep-alive',
        'content-length': '403',
        pragma: 'no-cache',
        'cache-control': 'no-cache',
        'sec-ch-ua': '"Chromium";v="110", "Not A(Brand";v="24", "Google Chrome";v="110"',
        accept: 'application/json, text/plain, */*',
        'content-type': 'application/json',
        'sec-ch-ua-mobile': '?0',
        'user-agent': 'Mozilla/5.0 (Windows NT 10.0; Win64; x64) AppleWebKit/537.36 (KHTML, like Gecko) Chrome/110.0.0.0 Safari/537.36',
        'sec-ch-ua-platform': '"Windows"',
        origin: 'http://localhost:3000',
        'sec-fetch-site': 'same-site',
        'sec-fetch-mode': 'cors',
        'sec-fetch-dest': 'empty',
        referer: 'http://localhost:3000/',
        'accept-encoding': 'gzip, deflate, br',
        'accept-language': 'en-US,en;q=0.9,kk;q=0.8'
      },
      method: 'POST',
      httpVersion: '1.1',
      originalUrl: '/api/movies',
      query: {}
    },
    res: { statusCode: 200 },
    responseTime: 76
  },
  level: 'info',
  message: 'HTTP POST /api/movies'
}
{
  meta: {
    req: {
      url: '/api/movies',
      headers: {
        host: 'localhost:8080',
        connection: 'keep-alive',
        'content-length': '389',
        pragma: 'no-cache',
        'cache-control': 'no-cache',
        'sec-ch-ua': '"Chromium";v="110", "Not A(Brand";v="24", "Google Chrome";v="110"',
        accept: 'application/json, text/plain, */*',
        'content-type': 'application/json',
        'sec-ch-ua-mobile': '?0',
        'user-agent': 'Mozilla/5.0 (Windows NT 10.0; Win64; x64) AppleWebKit/537.36 (KHTML, like Gecko) Chrome/110.0.0.0 Safari/537.36',
        'sec-ch-ua-platform': '"Windows"',
        origin: 'http://localhost:3000',
        'sec-fetch-site': 'same-site',
        'sec-fetch-mode': 'cors',
        'sec-fetch-dest': 'empty',
        referer: 'http://localhost:3000/',
        'accept-encoding': 'gzip, deflate, br',
        'accept-language': 'en-US,en;q=0.9,kk;q=0.8'
      },
      method: 'POST',
      httpVersion: '1.1',
      originalUrl: '/api/movies',
      query: {}
    },
    res: { statusCode: 200 },
    responseTime: 71
  },
  level: 'info',
  message: 'HTTP POST /api/movies'
}
{
  meta: {
    req: {
      url: '/api/movies',
      headers: {
        host: 'localhost:8080',
        connection: 'keep-alive',
        'content-length': '340',
        pragma: 'no-cache',
        'cache-control': 'no-cache',
        'sec-ch-ua': '"Chromium";v="110", "Not A(Brand";v="24", "Google Chrome";v="110"',
        accept: 'application/json, text/plain, */*',
        'content-type': 'application/json',
        'sec-ch-ua-mobile': '?0',
        'user-agent': 'Mozilla/5.0 (Windows NT 10.0; Win64; x64) AppleWebKit/537.36 (KHTML, like Gecko) Chrome/110.0.0.0 Safari/537.36',
        'sec-ch-ua-platform': '"Windows"',
        origin: 'http://localhost:3000',
        'sec-fetch-site': 'same-site',
        'sec-fetch-mode': 'cors',
        'sec-fetch-dest': 'empty',
        referer: 'http://localhost:3000/',
        'accept-encoding': 'gzip, deflate, br',
        'accept-language': 'en-US,en;q=0.9,kk;q=0.8'
      },
      method: 'POST',
      httpVersion: '1.1',
      originalUrl: '/api/movies',
      query: {}
    },
    res: { statusCode: 200 },
    responseTime: 58
  },
  level: 'info',
  message: 'HTTP POST /api/movies'
}
{
  meta: {
    req: {
      url: '/api/movies',
      headers: {
        host: 'localhost:8080',
        connection: 'keep-alive',
        'content-length': '421',
        pragma: 'no-cache',
        'cache-control': 'no-cache',
        'sec-ch-ua': '"Chromium";v="110", "Not A(Brand";v="24", "Google Chrome";v="110"',
        accept: 'application/json, text/plain, */*',
        'content-type': 'application/json',
        'sec-ch-ua-mobile': '?0',
        'user-agent': 'Mozilla/5.0 (Windows NT 10.0; Win64; x64) AppleWebKit/537.36 (KHTML, like Gecko) Chrome/110.0.0.0 Safari/537.36',
        'sec-ch-ua-platform': '"Windows"',
        origin: 'http://localhost:3000',
        'sec-fetch-site': 'same-site',
        'sec-fetch-mode': 'cors',
        'sec-fetch-dest': 'empty',
        referer: 'http://localhost:3000/',
        'accept-encoding': 'gzip, deflate, br',
        'accept-language': 'en-US,en;q=0.9,kk;q=0.8'
      },
      method: 'POST',
      httpVersion: '1.1',
      originalUrl: '/api/movies',
      query: {}
    },
    res: { statusCode: 200 },
    responseTime: 55
  },
  level: 'info',
  message: 'HTTP POST /api/movies'
}
{
  meta: {
    req: {
      url: '/api/movies',
      headers: {
        host: 'localhost:8080',
        connection: 'keep-alive',
        'content-length': '534',
        pragma: 'no-cache',
        'cache-control': 'no-cache',
        'sec-ch-ua': '"Chromium";v="110", "Not A(Brand";v="24", "Google Chrome";v="110"',
        accept: 'application/json, text/plain, */*',
        'content-type': 'application/json',
        'sec-ch-ua-mobile': '?0',
        'user-agent': 'Mozilla/5.0 (Windows NT 10.0; Win64; x64) AppleWebKit/537.36 (KHTML, like Gecko) Chrome/110.0.0.0 Safari/537.36',
        'sec-ch-ua-platform': '"Windows"',
        origin: 'http://localhost:3000',
        'sec-fetch-site': 'same-site',
        'sec-fetch-mode': 'cors',
        'sec-fetch-dest': 'empty',
        referer: 'http://localhost:3000/',
        'accept-encoding': 'gzip, deflate, br',
        'accept-language': 'en-US,en;q=0.9,kk;q=0.8'
      },
      method: 'POST',
      httpVersion: '1.1',
      originalUrl: '/api/movies',
      query: {}
    },
    res: { statusCode: 200 },
    responseTime: 54
  },
  level: 'info',
  message: 'HTTP POST /api/movies'
}
{
  meta: {
    req: {
      url: '/api/movies',
      headers: {
        host: 'localhost:8080',
        connection: 'keep-alive',
        'content-length': '579',
        pragma: 'no-cache',
        'cache-control': 'no-cache',
        'sec-ch-ua': '"Chromium";v="110", "Not A(Brand";v="24", "Google Chrome";v="110"',
        accept: 'application/json, text/plain, */*',
        'content-type': 'application/json',
        'sec-ch-ua-mobile': '?0',
        'user-agent': 'Mozilla/5.0 (Windows NT 10.0; Win64; x64) AppleWebKit/537.36 (KHTML, like Gecko) Chrome/110.0.0.0 Safari/537.36',
        'sec-ch-ua-platform': '"Windows"',
        origin: 'http://localhost:3000',
        'sec-fetch-site': 'same-site',
        'sec-fetch-mode': 'cors',
        'sec-fetch-dest': 'empty',
        referer: 'http://localhost:3000/',
        'accept-encoding': 'gzip, deflate, br',
        'accept-language': 'en-US,en;q=0.9,kk;q=0.8'
      },
      method: 'POST',
      httpVersion: '1.1',
      originalUrl: '/api/movies',
      query: {}
    },
    res: { statusCode: 200 },
    responseTime: 71
  },
  level: 'info',
  message: 'HTTP POST /api/movies'
}
{
  meta: {
    req: {
      url: '/api/movies',
      headers: {
        host: 'localhost:8080',
        connection: 'keep-alive',
        'content-length': '493',
        pragma: 'no-cache',
        'cache-control': 'no-cache',
        'sec-ch-ua': '"Chromium";v="110", "Not A(Brand";v="24", "Google Chrome";v="110"',
        accept: 'application/json, text/plain, */*',
        'content-type': 'application/json',
        'sec-ch-ua-mobile': '?0',
        'user-agent': 'Mozilla/5.0 (Windows NT 10.0; Win64; x64) AppleWebKit/537.36 (KHTML, like Gecko) Chrome/110.0.0.0 Safari/537.36',
        'sec-ch-ua-platform': '"Windows"',
        origin: 'http://localhost:3000',
        'sec-fetch-site': 'same-site',
        'sec-fetch-mode': 'cors',
        'sec-fetch-dest': 'empty',
        referer: 'http://localhost:3000/',
        'accept-encoding': 'gzip, deflate, br',
        'accept-language': 'en-US,en;q=0.9,kk;q=0.8'
      },
      method: 'POST',
      httpVersion: '1.1',
      originalUrl: '/api/movies',
      query: {}
    },
    res: { statusCode: 200 },
    responseTime: 67
  },
  level: 'info',
  message: 'HTTP POST /api/movies'
}
{
  meta: {
    req: {
      url: '/api/movies',
      headers: {
        host: 'localhost:8080',
        connection: 'keep-alive',
        'content-length': '357',
        pragma: 'no-cache',
        'cache-control': 'no-cache',
        'sec-ch-ua': '"Chromium";v="110", "Not A(Brand";v="24", "Google Chrome";v="110"',
        accept: 'application/json, text/plain, */*',
        'content-type': 'application/json',
        'sec-ch-ua-mobile': '?0',
        'user-agent': 'Mozilla/5.0 (Windows NT 10.0; Win64; x64) AppleWebKit/537.36 (KHTML, like Gecko) Chrome/110.0.0.0 Safari/537.36',
        'sec-ch-ua-platform': '"Windows"',
        origin: 'http://localhost:3000',
        'sec-fetch-site': 'same-site',
        'sec-fetch-mode': 'cors',
        'sec-fetch-dest': 'empty',
        referer: 'http://localhost:3000/',
        'accept-encoding': 'gzip, deflate, br',
        'accept-language': 'en-US,en;q=0.9,kk;q=0.8'
      },
      method: 'POST',
      httpVersion: '1.1',
      originalUrl: '/api/movies',
      query: {}
    },
    res: { statusCode: 200 },
    responseTime: 54
  },
  level: 'info',
  message: 'HTTP POST /api/movies'
}
{
  meta: {
    req: {
      url: '/api/movies',
      headers: {
        host: 'localhost:8080',
        connection: 'keep-alive',
        'content-length': '618',
        pragma: 'no-cache',
        'cache-control': 'no-cache',
        'sec-ch-ua': '"Chromium";v="110", "Not A(Brand";v="24", "Google Chrome";v="110"',
        accept: 'application/json, text/plain, */*',
        'content-type': 'application/json',
        'sec-ch-ua-mobile': '?0',
        'user-agent': 'Mozilla/5.0 (Windows NT 10.0; Win64; x64) AppleWebKit/537.36 (KHTML, like Gecko) Chrome/110.0.0.0 Safari/537.36',
        'sec-ch-ua-platform': '"Windows"',
        origin: 'http://localhost:3000',
        'sec-fetch-site': 'same-site',
        'sec-fetch-mode': 'cors',
        'sec-fetch-dest': 'empty',
        referer: 'http://localhost:3000/',
        'accept-encoding': 'gzip, deflate, br',
        'accept-language': 'en-US,en;q=0.9,kk;q=0.8'
      },
      method: 'POST',
      httpVersion: '1.1',
      originalUrl: '/api/movies',
      query: {}
    },
    res: { statusCode: 200 },
    responseTime: 59
  },
  level: 'info',
  message: 'HTTP POST /api/movies'
}
{
  meta: {
    req: {
      url: '/api/movies',
      headers: {
        host: 'localhost:8080',
        connection: 'keep-alive',
        'content-length': '355',
        pragma: 'no-cache',
        'cache-control': 'no-cache',
        'sec-ch-ua': '"Chromium";v="110", "Not A(Brand";v="24", "Google Chrome";v="110"',
        accept: 'application/json, text/plain, */*',
        'content-type': 'application/json',
        'sec-ch-ua-mobile': '?0',
        'user-agent': 'Mozilla/5.0 (Windows NT 10.0; Win64; x64) AppleWebKit/537.36 (KHTML, like Gecko) Chrome/110.0.0.0 Safari/537.36',
        'sec-ch-ua-platform': '"Windows"',
        origin: 'http://localhost:3000',
        'sec-fetch-site': 'same-site',
        'sec-fetch-mode': 'cors',
        'sec-fetch-dest': 'empty',
        referer: 'http://localhost:3000/',
        'accept-encoding': 'gzip, deflate, br',
        'accept-language': 'en-US,en;q=0.9,kk;q=0.8'
      },
      method: 'POST',
      httpVersion: '1.1',
      originalUrl: '/api/movies',
      query: {}
    },
    res: { statusCode: 200 },
    responseTime: 67
  },
  level: 'info',
  message: 'HTTP POST /api/movies'
}
{
  meta: {
    req: {
      url: '/api/movies',
      headers: {
        host: 'localhost:8080',
        connection: 'keep-alive',
        'content-length': '336',
        pragma: 'no-cache',
        'cache-control': 'no-cache',
        'sec-ch-ua': '"Chromium";v="110", "Not A(Brand";v="24", "Google Chrome";v="110"',
        accept: 'application/json, text/plain, */*',
        'content-type': 'application/json',
        'sec-ch-ua-mobile': '?0',
        'user-agent': 'Mozilla/5.0 (Windows NT 10.0; Win64; x64) AppleWebKit/537.36 (KHTML, like Gecko) Chrome/110.0.0.0 Safari/537.36',
        'sec-ch-ua-platform': '"Windows"',
        origin: 'http://localhost:3000',
        'sec-fetch-site': 'same-site',
        'sec-fetch-mode': 'cors',
        'sec-fetch-dest': 'empty',
        referer: 'http://localhost:3000/',
        'accept-encoding': 'gzip, deflate, br',
        'accept-language': 'en-US,en;q=0.9,kk;q=0.8'
      },
      method: 'POST',
      httpVersion: '1.1',
      originalUrl: '/api/movies',
      query: {}
    },
    res: { statusCode: 200 },
    responseTime: 56
  },
  level: 'info',
  message: 'HTTP POST /api/movies'
}
{
  meta: {
    req: {
      url: '/api/movies',
      headers: {
        host: 'localhost:8080',
        connection: 'keep-alive',
        'content-length': '362',
        pragma: 'no-cache',
        'cache-control': 'no-cache',
        'sec-ch-ua': '"Chromium";v="110", "Not A(Brand";v="24", "Google Chrome";v="110"',
        accept: 'application/json, text/plain, */*',
        'content-type': 'application/json',
        'sec-ch-ua-mobile': '?0',
        'user-agent': 'Mozilla/5.0 (Windows NT 10.0; Win64; x64) AppleWebKit/537.36 (KHTML, like Gecko) Chrome/110.0.0.0 Safari/537.36',
        'sec-ch-ua-platform': '"Windows"',
        origin: 'http://localhost:3000',
        'sec-fetch-site': 'same-site',
        'sec-fetch-mode': 'cors',
        'sec-fetch-dest': 'empty',
        referer: 'http://localhost:3000/',
        'accept-encoding': 'gzip, deflate, br',
        'accept-language': 'en-US,en;q=0.9,kk;q=0.8'
      },
      method: 'POST',
      httpVersion: '1.1',
      originalUrl: '/api/movies',
      query: {}
    },
    res: { statusCode: 200 },
    responseTime: 70
  },
  level: 'info',
  message: 'HTTP POST /api/movies'
}
{
  meta: {
    req: {
      url: '/api/movies',
      headers: {
        host: 'localhost:8080',
        connection: 'keep-alive',
        'content-length': '463',
        pragma: 'no-cache',
        'cache-control': 'no-cache',
        'sec-ch-ua': '"Chromium";v="110", "Not A(Brand";v="24", "Google Chrome";v="110"',
        accept: 'application/json, text/plain, */*',
        'content-type': 'application/json',
        'sec-ch-ua-mobile': '?0',
        'user-agent': 'Mozilla/5.0 (Windows NT 10.0; Win64; x64) AppleWebKit/537.36 (KHTML, like Gecko) Chrome/110.0.0.0 Safari/537.36',
        'sec-ch-ua-platform': '"Windows"',
        origin: 'http://localhost:3000',
        'sec-fetch-site': 'same-site',
        'sec-fetch-mode': 'cors',
        'sec-fetch-dest': 'empty',
        referer: 'http://localhost:3000/',
        'accept-encoding': 'gzip, deflate, br',
        'accept-language': 'en-US,en;q=0.9,kk;q=0.8'
      },
      method: 'POST',
      httpVersion: '1.1',
      originalUrl: '/api/movies',
      query: {}
    },
    res: { statusCode: 200 },
    responseTime: 484
  },
  level: 'info',
  message: 'HTTP POST /api/movies'
}
{
  meta: {
    req: {
      url: '/api/movies',
      headers: {
        host: 'localhost:8080',
        connection: 'keep-alive',
        'content-length': '544',
        pragma: 'no-cache',
        'cache-control': 'no-cache',
        'sec-ch-ua': '"Chromium";v="110", "Not A(Brand";v="24", "Google Chrome";v="110"',
        accept: 'application/json, text/plain, */*',
        'content-type': 'application/json',
        'sec-ch-ua-mobile': '?0',
        'user-agent': 'Mozilla/5.0 (Windows NT 10.0; Win64; x64) AppleWebKit/537.36 (KHTML, like Gecko) Chrome/110.0.0.0 Safari/537.36',
        'sec-ch-ua-platform': '"Windows"',
        origin: 'http://localhost:3000',
        'sec-fetch-site': 'same-site',
        'sec-fetch-mode': 'cors',
        'sec-fetch-dest': 'empty',
        referer: 'http://localhost:3000/',
        'accept-encoding': 'gzip, deflate, br',
        'accept-language': 'en-US,en;q=0.9,kk;q=0.8'
      },
      method: 'POST',
      httpVersion: '1.1',
      originalUrl: '/api/movies',
      query: {}
    },
    res: { statusCode: 200 },
    responseTime: 487
  },
  level: 'info',
  message: 'HTTP POST /api/movies'
}
{
  meta: {
    req: {
      url: '/api/movies',
      headers: {
        host: 'localhost:8080',
        connection: 'keep-alive',
        pragma: 'no-cache',
        'cache-control': 'no-cache',
        'sec-ch-ua': '"Chromium";v="110", "Not A(Brand";v="24", "Google Chrome";v="110"',
        accept: 'application/json, text/plain, */*',
        'sec-ch-ua-mobile': '?0',
        'user-agent': 'Mozilla/5.0 (Windows NT 10.0; Win64; x64) AppleWebKit/537.36 (KHTML, like Gecko) Chrome/110.0.0.0 Safari/537.36',
        'sec-ch-ua-platform': '"Windows"',
        origin: 'http://localhost:3000',
        'sec-fetch-site': 'same-site',
        'sec-fetch-mode': 'cors',
        'sec-fetch-dest': 'empty',
        referer: 'http://localhost:3000/',
        'accept-encoding': 'gzip, deflate, br',
        'accept-language': 'en-US,en;q=0.9,kk;q=0.8'
      },
      method: 'GET',
      httpVersion: '1.1',
      originalUrl: '/api/movies',
      query: {}
    },
    res: { statusCode: 200 },
    responseTime: 121
  },
  level: 'info',
  message: 'HTTP GET /api/movies'
}
{
  meta: {
    req: {
      url: '/api/movies',
      headers: {
        host: 'localhost:8080',
        connection: 'keep-alive',
        pragma: 'no-cache',
        'cache-control': 'no-cache',
        'sec-ch-ua': '"Chromium";v="110", "Not A(Brand";v="24", "Google Chrome";v="110"',
        accept: 'application/json, text/plain, */*',
        'sec-ch-ua-mobile': '?0',
        'user-agent': 'Mozilla/5.0 (Windows NT 10.0; Win64; x64) AppleWebKit/537.36 (KHTML, like Gecko) Chrome/110.0.0.0 Safari/537.36',
        'sec-ch-ua-platform': '"Windows"',
        origin: 'http://localhost:3000',
        'sec-fetch-site': 'same-site',
        'sec-fetch-mode': 'cors',
        'sec-fetch-dest': 'empty',
        referer: 'http://localhost:3000/',
        'accept-encoding': 'gzip, deflate, br',
        'accept-language': 'en-US,en;q=0.9,kk;q=0.8'
      },
      method: 'GET',
      httpVersion: '1.1',
      originalUrl: '/api/movies',
      query: {}
    },
    res: { statusCode: 200 },
    responseTime: 57
  },
  level: 'info',
  message: 'HTTP GET /api/movies'
}
{
  meta: {
    req: {
      url: '/api/movies',
      headers: {
        host: 'localhost:8080',
        connection: 'keep-alive',
        pragma: 'no-cache',
        'cache-control': 'no-cache',
        'sec-ch-ua': '"Chromium";v="110", "Not A(Brand";v="24", "Google Chrome";v="110"',
        accept: 'application/json, text/plain, */*',
        'sec-ch-ua-mobile': '?0',
        'user-agent': 'Mozilla/5.0 (Windows NT 10.0; Win64; x64) AppleWebKit/537.36 (KHTML, like Gecko) Chrome/110.0.0.0 Safari/537.36',
        'sec-ch-ua-platform': '"Windows"',
        origin: 'http://localhost:3000',
        'sec-fetch-site': 'same-site',
        'sec-fetch-mode': 'cors',
        'sec-fetch-dest': 'empty',
        referer: 'http://localhost:3000/',
        'accept-encoding': 'gzip, deflate, br',
        'accept-language': 'en-US,en;q=0.9,kk;q=0.8'
      },
      method: 'GET',
      httpVersion: '1.1',
      originalUrl: '/api/movies',
      query: {}
    },
    res: { statusCode: 200 },
    responseTime: 70
  },
  level: 'info',
  message: 'HTTP GET /api/movies'
}
{
  meta: {
    req: {
      url: '/api/movies',
      headers: {
        host: 'localhost:8080',
        connection: 'keep-alive',
        pragma: 'no-cache',
        'cache-control': 'no-cache',
        'sec-ch-ua': '"Chromium";v="110", "Not A(Brand";v="24", "Google Chrome";v="110"',
        accept: 'application/json, text/plain, */*',
        'sec-ch-ua-mobile': '?0',
        'user-agent': 'Mozilla/5.0 (Windows NT 10.0; Win64; x64) AppleWebKit/537.36 (KHTML, like Gecko) Chrome/110.0.0.0 Safari/537.36',
        'sec-ch-ua-platform': '"Windows"',
        origin: 'http://localhost:3000',
        'sec-fetch-site': 'same-site',
        'sec-fetch-mode': 'cors',
        'sec-fetch-dest': 'empty',
        referer: 'http://localhost:3000/',
        'accept-encoding': 'gzip, deflate, br',
        'accept-language': 'en-US,en;q=0.9,kk;q=0.8'
      },
      method: 'GET',
      httpVersion: '1.1',
      originalUrl: '/api/movies',
      query: {}
    },
    res: { statusCode: 200 },
    responseTime: 50
  },
  level: 'info',
  message: 'HTTP GET /api/movies'
}
{
  meta: {
    req: {
      url: '/api/movies',
      headers: {
        host: 'localhost:8080',
        connection: 'keep-alive',
        pragma: 'no-cache',
        'cache-control': 'no-cache',
        'sec-ch-ua': '"Chromium";v="110", "Not A(Brand";v="24", "Google Chrome";v="110"',
        accept: 'application/json, text/plain, */*',
        'sec-ch-ua-mobile': '?0',
        'user-agent': 'Mozilla/5.0 (Windows NT 10.0; Win64; x64) AppleWebKit/537.36 (KHTML, like Gecko) Chrome/110.0.0.0 Safari/537.36',
        'sec-ch-ua-platform': '"Windows"',
        origin: 'http://localhost:3000',
        'sec-fetch-site': 'same-site',
        'sec-fetch-mode': 'cors',
        'sec-fetch-dest': 'empty',
        referer: 'http://localhost:3000/',
        'accept-encoding': 'gzip, deflate, br',
        'accept-language': 'en-US,en;q=0.9,kk;q=0.8'
      },
      method: 'GET',
      httpVersion: '1.1',
      originalUrl: '/api/movies',
      query: {}
    },
    res: { statusCode: 200 },
    responseTime: 54
  },
  level: 'info',
  message: 'HTTP GET /api/movies'
}
{
  meta: {
    req: {
      url: '/api/auth',
      headers: {
        host: 'localhost:8080',
        connection: 'keep-alive',
        'content-length': '57',
        pragma: 'no-cache',
        'cache-control': 'no-cache',
        'sec-ch-ua': '"Chromium";v="110", "Not A(Brand";v="24", "Google Chrome";v="110"',
        accept: 'application/json, text/plain, */*',
        'content-type': 'application/json',
        'sec-ch-ua-mobile': '?0',
        'user-agent': 'Mozilla/5.0 (Windows NT 10.0; Win64; x64) AppleWebKit/537.36 (KHTML, like Gecko) Chrome/110.0.0.0 Safari/537.36',
        'sec-ch-ua-platform': '"Windows"',
        origin: 'http://localhost:3000',
        'sec-fetch-site': 'same-site',
        'sec-fetch-mode': 'cors',
        'sec-fetch-dest': 'empty',
        referer: 'http://localhost:3000/',
        'accept-encoding': 'gzip, deflate, br',
        'accept-language': 'en-US,en;q=0.9,kk;q=0.8'
      },
      method: 'POST',
      httpVersion: '1.1',
      originalUrl: '/api/auth',
      query: {}
    },
    res: { statusCode: 400 },
    responseTime: 64
  },
  level: 'info',
  message: 'HTTP POST /api/auth'
}
{
  meta: {
    req: {
      url: '/api/users',
      headers: {
        host: 'localhost:8080',
        connection: 'keep-alive',
        'content-length': '69',
        'sec-ch-ua': '"Chromium";v="110", "Not A(Brand";v="24", "Google Chrome";v="110"',
        accept: 'application/json, text/plain, */*',
        'content-type': 'application/json',
        'sec-ch-ua-mobile': '?0',
        'user-agent': 'Mozilla/5.0 (Windows NT 10.0; Win64; x64) AppleWebKit/537.36 (KHTML, like Gecko) Chrome/110.0.0.0 Safari/537.36',
        'sec-ch-ua-platform': '"Windows"',
        origin: 'http://localhost:3000',
        'sec-fetch-site': 'same-site',
        'sec-fetch-mode': 'cors',
        'sec-fetch-dest': 'empty',
        referer: 'http://localhost:3000/',
        'accept-encoding': 'gzip, deflate, br',
        'accept-language': 'en-US,en;q=0.9,kk;q=0.8'
      },
      method: 'POST',
      httpVersion: '1.1',
      originalUrl: '/api/users',
      query: {}
    },
    res: { statusCode: 200 },
    responseTime: 252
  },
  level: 'info',
  message: 'HTTP POST /api/users'
}
{
  meta: {
    req: {
      url: '/api/auth',
      headers: {
        host: 'localhost:8080',
        connection: 'keep-alive',
        'content-length': '52',
        'sec-ch-ua': '"Chromium";v="110", "Not A(Brand";v="24", "Google Chrome";v="110"',
        accept: 'application/json, text/plain, */*',
        'content-type': 'application/json',
        'sec-ch-ua-mobile': '?0',
        'user-agent': 'Mozilla/5.0 (Windows NT 10.0; Win64; x64) AppleWebKit/537.36 (KHTML, like Gecko) Chrome/110.0.0.0 Safari/537.36',
        'sec-ch-ua-platform': '"Windows"',
        origin: 'http://localhost:3000',
        'sec-fetch-site': 'same-site',
        'sec-fetch-mode': 'cors',
        'sec-fetch-dest': 'empty',
        referer: 'http://localhost:3000/',
        'accept-encoding': 'gzip, deflate, br',
        'accept-language': 'en-US,en;q=0.9,kk;q=0.8'
      },
      method: 'POST',
      httpVersion: '1.1',
      originalUrl: '/api/auth',
      query: {}
    },
    res: { statusCode: 200 },
    responseTime: 337
  },
  level: 'info',
  message: 'HTTP POST /api/auth'
}
{
  meta: {
    req: {
      url: '/api/movies',
      headers: {
        host: 'localhost:8080',
        connection: 'keep-alive',
        'sec-ch-ua': '"Chromium";v="110", "Not A(Brand";v="24", "Google Chrome";v="110"',
        accept: 'application/json, text/plain, */*',
        'sec-ch-ua-mobile': '?0',
        'user-agent': 'Mozilla/5.0 (Windows NT 10.0; Win64; x64) AppleWebKit/537.36 (KHTML, like Gecko) Chrome/110.0.0.0 Safari/537.36',
        'sec-ch-ua-platform': '"Windows"',
        origin: 'http://localhost:3000',
        'sec-fetch-site': 'same-site',
        'sec-fetch-mode': 'cors',
        'sec-fetch-dest': 'empty',
        referer: 'http://localhost:3000/',
        'accept-encoding': 'gzip, deflate, br',
        'accept-language': 'en-US,en;q=0.9,kk;q=0.8',
        'if-none-match': 'W/"2617-hcqt4PtkqoNwPocduFvooA+pivE"'
      },
      method: 'GET',
      httpVersion: '1.1',
      originalUrl: '/api/movies',
      query: {}
    },
    res: { statusCode: 304 },
    responseTime: 54
  },
  level: 'info',
  message: 'HTTP GET /api/movies'
}
{
  meta: {
    req: {
      url: '/api/movies',
      headers: {
        host: 'localhost:8080',
        connection: 'keep-alive',
        'sec-ch-ua': '"Chromium";v="110", "Not A(Brand";v="24", "Google Chrome";v="110"',
        accept: 'application/json, text/plain, */*',
        'sec-ch-ua-mobile': '?0',
        'user-agent': 'Mozilla/5.0 (Windows NT 10.0; Win64; x64) AppleWebKit/537.36 (KHTML, like Gecko) Chrome/110.0.0.0 Safari/537.36',
        'sec-ch-ua-platform': '"Windows"',
        origin: 'http://localhost:3000',
        'sec-fetch-site': 'same-site',
        'sec-fetch-mode': 'cors',
        'sec-fetch-dest': 'empty',
        referer: 'http://localhost:3000/',
        'accept-encoding': 'gzip, deflate, br',
        'accept-language': 'en-US,en;q=0.9,kk;q=0.8',
        'if-none-match': 'W/"2617-hcqt4PtkqoNwPocduFvooA+pivE"'
      },
      method: 'GET',
      httpVersion: '1.1',
      originalUrl: '/api/movies',
      query: {}
    },
    res: { statusCode: 304 },
    responseTime: 53
  },
  level: 'info',
  message: 'HTTP GET /api/movies'
}
{
  meta: {
    req: {
      url: '/api/movies',
      headers: {
        host: 'localhost:8080',
        connection: 'keep-alive',
        'sec-ch-ua': '"Chromium";v="110", "Not A(Brand";v="24", "Google Chrome";v="110"',
        accept: 'application/json, text/plain, */*',
        'sec-ch-ua-mobile': '?0',
        'user-agent': 'Mozilla/5.0 (Windows NT 10.0; Win64; x64) AppleWebKit/537.36 (KHTML, like Gecko) Chrome/110.0.0.0 Safari/537.36',
        'sec-ch-ua-platform': '"Windows"',
        origin: 'http://localhost:3000',
        'sec-fetch-site': 'same-site',
        'sec-fetch-mode': 'cors',
        'sec-fetch-dest': 'empty',
        referer: 'http://localhost:3000/',
        'accept-encoding': 'gzip, deflate, br',
        'accept-language': 'en-US,en;q=0.9,kk;q=0.8',
        'if-none-match': 'W/"2617-hcqt4PtkqoNwPocduFvooA+pivE"'
      },
      method: 'GET',
      httpVersion: '1.1',
      originalUrl: '/api/movies',
      query: {}
    },
    res: { statusCode: 304 },
    responseTime: 58
  },
  level: 'info',
  message: 'HTTP GET /api/movies'
}
{
  meta: {
    req: {
      url: '/api/movies',
      headers: {
        host: 'localhost:8080',
        connection: 'keep-alive',
        'sec-ch-ua': '"Chromium";v="110", "Not A(Brand";v="24", "Google Chrome";v="110"',
        accept: 'application/json, text/plain, */*',
        'sec-ch-ua-mobile': '?0',
        'user-agent': 'Mozilla/5.0 (Windows NT 10.0; Win64; x64) AppleWebKit/537.36 (KHTML, like Gecko) Chrome/110.0.0.0 Safari/537.36',
        'sec-ch-ua-platform': '"Windows"',
        origin: 'http://localhost:3000',
        'sec-fetch-site': 'same-site',
        'sec-fetch-mode': 'cors',
        'sec-fetch-dest': 'empty',
        referer: 'http://localhost:3000/',
        'accept-encoding': 'gzip, deflate, br',
        'accept-language': 'en-US,en;q=0.9,kk;q=0.8',
        'if-none-match': 'W/"2617-hcqt4PtkqoNwPocduFvooA+pivE"'
      },
      method: 'GET',
      httpVersion: '1.1',
      originalUrl: '/api/movies',
      query: {}
    },
    res: { statusCode: 304 },
    responseTime: 56
  },
  level: 'info',
  message: 'HTTP GET /api/movies'
}
{
  meta: {
    req: {
      url: '/api/movies',
      headers: {
        host: 'localhost:8080',
        connection: 'keep-alive',
        'sec-ch-ua': '"Chromium";v="110", "Not A(Brand";v="24", "Google Chrome";v="110"',
        accept: 'application/json, text/plain, */*',
        'sec-ch-ua-mobile': '?0',
        'user-agent': 'Mozilla/5.0 (Windows NT 10.0; Win64; x64) AppleWebKit/537.36 (KHTML, like Gecko) Chrome/110.0.0.0 Safari/537.36',
        'sec-ch-ua-platform': '"Windows"',
        origin: 'http://localhost:3000',
        'sec-fetch-site': 'same-site',
        'sec-fetch-mode': 'cors',
        'sec-fetch-dest': 'empty',
        referer: 'http://localhost:3000/',
        'accept-encoding': 'gzip, deflate, br',
        'accept-language': 'en-US,en;q=0.9,kk;q=0.8',
        'if-none-match': 'W/"2617-hcqt4PtkqoNwPocduFvooA+pivE"'
      },
      method: 'GET',
      httpVersion: '1.1',
      originalUrl: '/api/movies',
      query: {}
    },
    res: { statusCode: 304 },
    responseTime: 60
  },
  level: 'info',
  message: 'HTTP GET /api/movies'
}
{
  meta: {
    req: {
      url: '/api/movies',
      headers: {
        host: 'localhost:8080',
        connection: 'keep-alive',
        'sec-ch-ua': '"Chromium";v="110", "Not A(Brand";v="24", "Google Chrome";v="110"',
        accept: 'application/json, text/plain, */*',
        'sec-ch-ua-mobile': '?0',
        'user-agent': 'Mozilla/5.0 (Windows NT 10.0; Win64; x64) AppleWebKit/537.36 (KHTML, like Gecko) Chrome/110.0.0.0 Safari/537.36',
        'sec-ch-ua-platform': '"Windows"',
        origin: 'http://localhost:3000',
        'sec-fetch-site': 'same-site',
        'sec-fetch-mode': 'cors',
        'sec-fetch-dest': 'empty',
        referer: 'http://localhost:3000/',
        'accept-encoding': 'gzip, deflate, br',
        'accept-language': 'en-US,en;q=0.9,kk;q=0.8',
        'if-none-match': 'W/"2617-hcqt4PtkqoNwPocduFvooA+pivE"'
      },
      method: 'GET',
      httpVersion: '1.1',
      originalUrl: '/api/movies',
      query: {}
    },
    res: { statusCode: 304 },
    responseTime: 60
  },
  level: 'info',
  message: 'HTTP GET /api/movies'
}
{
  meta: {
    req: {
      url: '/api/movies',
      headers: {
        host: 'localhost:8080',
        connection: 'keep-alive',
        'sec-ch-ua': '"Chromium";v="110", "Not A(Brand";v="24", "Google Chrome";v="110"',
        accept: 'application/json, text/plain, */*',
        'sec-ch-ua-mobile': '?0',
        'user-agent': 'Mozilla/5.0 (Windows NT 10.0; Win64; x64) AppleWebKit/537.36 (KHTML, like Gecko) Chrome/110.0.0.0 Safari/537.36',
        'sec-ch-ua-platform': '"Windows"',
        origin: 'http://localhost:3000',
        'sec-fetch-site': 'same-site',
        'sec-fetch-mode': 'cors',
        'sec-fetch-dest': 'empty',
        referer: 'http://localhost:3000/',
        'accept-encoding': 'gzip, deflate, br',
        'accept-language': 'en-US,en;q=0.9,kk;q=0.8',
        'if-none-match': 'W/"2617-hcqt4PtkqoNwPocduFvooA+pivE"'
      },
      method: 'GET',
      httpVersion: '1.1',
      originalUrl: '/api/movies',
      query: {}
    },
    res: { statusCode: 304 },
    responseTime: 57
  },
  level: 'info',
  message: 'HTTP GET /api/movies'
}
{
  meta: {
    req: {
      url: '/api/movies',
      headers: {
        host: 'localhost:8080',
        connection: 'keep-alive',
        'sec-ch-ua': '"Chromium";v="110", "Not A(Brand";v="24", "Google Chrome";v="110"',
        accept: 'application/json, text/plain, */*',
        'sec-ch-ua-mobile': '?0',
        'user-agent': 'Mozilla/5.0 (Windows NT 10.0; Win64; x64) AppleWebKit/537.36 (KHTML, like Gecko) Chrome/110.0.0.0 Safari/537.36',
        'sec-ch-ua-platform': '"Windows"',
        origin: 'http://localhost:3000',
        'sec-fetch-site': 'same-site',
        'sec-fetch-mode': 'cors',
        'sec-fetch-dest': 'empty',
        referer: 'http://localhost:3000/',
        'accept-encoding': 'gzip, deflate, br',
        'accept-language': 'en-US,en;q=0.9,kk;q=0.8',
        'if-none-match': 'W/"2617-hcqt4PtkqoNwPocduFvooA+pivE"'
      },
      method: 'GET',
      httpVersion: '1.1',
      originalUrl: '/api/movies',
      query: {}
    },
    res: { statusCode: 304 },
    responseTime: 50
  },
  level: 'info',
  message: 'HTTP GET /api/movies'
}
{
  meta: {
    req: {
      url: '/api/customers',
      headers: {
        host: 'localhost:8080',
        connection: 'keep-alive',
        'content-length': '104',
        pragma: 'no-cache',
        'cache-control': 'no-cache',
        'sec-ch-ua': '"Chromium";v="110", "Not A(Brand";v="24", "Google Chrome";v="110"',
        accept: 'application/json, text/plain, */*',
        'content-type': 'application/json',
        'sec-ch-ua-mobile': '?0',
        'user-agent': 'Mozilla/5.0 (Windows NT 10.0; Win64; x64) AppleWebKit/537.36 (KHTML, like Gecko) Chrome/110.0.0.0 Safari/537.36',
        'sec-ch-ua-platform': '"Windows"',
        origin: 'http://localhost:3000',
        'sec-fetch-site': 'same-site',
        'sec-fetch-mode': 'cors',
        'sec-fetch-dest': 'empty',
        referer: 'http://localhost:3000/',
        'accept-encoding': 'gzip, deflate, br',
        'accept-language': 'en-US,en;q=0.9,kk;q=0.8'
      },
      method: 'POST',
      httpVersion: '1.1',
      originalUrl: '/api/customers',
      query: {}
    },
    res: { statusCode: 200 },
    responseTime: 96
  },
  level: 'info',
  message: 'HTTP POST /api/customers'
}
{
  meta: {
    req: {
      url: '/api/movies',
      headers: {
        host: 'localhost:8080',
        connection: 'keep-alive',
        pragma: 'no-cache',
        'cache-control': 'no-cache',
        'sec-ch-ua': '"Chromium";v="110", "Not A(Brand";v="24", "Google Chrome";v="110"',
        accept: 'application/json, text/plain, */*',
        'sec-ch-ua-mobile': '?0',
        'user-agent': 'Mozilla/5.0 (Windows NT 10.0; Win64; x64) AppleWebKit/537.36 (KHTML, like Gecko) Chrome/110.0.0.0 Safari/537.36',
        'sec-ch-ua-platform': '"Windows"',
        origin: 'http://localhost:3000',
        'sec-fetch-site': 'same-site',
        'sec-fetch-mode': 'cors',
        'sec-fetch-dest': 'empty',
        referer: 'http://localhost:3000/',
        'accept-encoding': 'gzip, deflate, br',
        'accept-language': 'en-US,en;q=0.9,kk;q=0.8'
      },
      method: 'GET',
      httpVersion: '1.1',
      originalUrl: '/api/movies',
      query: {}
    },
    res: { statusCode: 200 },
    responseTime: 52
  },
  level: 'info',
  message: 'HTTP GET /api/movies'
}
{
  meta: {
    req: {
      url: '/api/movies',
      headers: {
        host: 'localhost:8080',
        connection: 'keep-alive',
        pragma: 'no-cache',
        'cache-control': 'no-cache',
        'sec-ch-ua': '"Chromium";v="110", "Not A(Brand";v="24", "Google Chrome";v="110"',
        accept: 'application/json, text/plain, */*',
        'sec-ch-ua-mobile': '?0',
        'user-agent': 'Mozilla/5.0 (Windows NT 10.0; Win64; x64) AppleWebKit/537.36 (KHTML, like Gecko) Chrome/110.0.0.0 Safari/537.36',
        'sec-ch-ua-platform': '"Windows"',
        origin: 'http://localhost:3000',
        'sec-fetch-site': 'same-site',
        'sec-fetch-mode': 'cors',
        'sec-fetch-dest': 'empty',
        referer: 'http://localhost:3000/',
        'accept-encoding': 'gzip, deflate, br',
        'accept-language': 'en-US,en;q=0.9,kk;q=0.8'
      },
      method: 'GET',
      httpVersion: '1.1',
      originalUrl: '/api/movies',
      query: {}
    },
    res: { statusCode: 200 },
    responseTime: 56
  },
  level: 'info',
  message: 'HTTP GET /api/movies'
}
{
  meta: {
    req: {
      url: '/api/movies',
      headers: {
        host: 'localhost:8080',
        connection: 'keep-alive',
        pragma: 'no-cache',
        'cache-control': 'no-cache',
        'sec-ch-ua': '"Chromium";v="110", "Not A(Brand";v="24", "Google Chrome";v="110"',
        accept: 'application/json, text/plain, */*',
        'sec-ch-ua-mobile': '?0',
        'user-agent': 'Mozilla/5.0 (Windows NT 10.0; Win64; x64) AppleWebKit/537.36 (KHTML, like Gecko) Chrome/110.0.0.0 Safari/537.36',
        'sec-ch-ua-platform': '"Windows"',
        origin: 'http://localhost:3000',
        'sec-fetch-site': 'same-site',
        'sec-fetch-mode': 'cors',
        'sec-fetch-dest': 'empty',
        referer: 'http://localhost:3000/',
        'accept-encoding': 'gzip, deflate, br',
        'accept-language': 'en-US,en;q=0.9,kk;q=0.8'
      },
      method: 'GET',
      httpVersion: '1.1',
      originalUrl: '/api/movies',
      query: {}
    },
    res: { statusCode: 200 },
    responseTime: 49
  },
  level: 'info',
  message: 'HTTP GET /api/movies'
}
{
  meta: {
    req: {
      url: '/api/movies',
      headers: {
        host: 'localhost:8080',
        connection: 'keep-alive',
        pragma: 'no-cache',
        'cache-control': 'no-cache',
        'sec-ch-ua': '"Chromium";v="110", "Not A(Brand";v="24", "Google Chrome";v="110"',
        accept: 'application/json, text/plain, */*',
        'sec-ch-ua-mobile': '?0',
        'user-agent': 'Mozilla/5.0 (Windows NT 10.0; Win64; x64) AppleWebKit/537.36 (KHTML, like Gecko) Chrome/110.0.0.0 Safari/537.36',
        'sec-ch-ua-platform': '"Windows"',
        origin: 'http://localhost:3000',
        'sec-fetch-site': 'same-site',
        'sec-fetch-mode': 'cors',
        'sec-fetch-dest': 'empty',
        referer: 'http://localhost:3000/',
        'accept-encoding': 'gzip, deflate, br',
        'accept-language': 'en-US,en;q=0.9,kk;q=0.8'
      },
      method: 'GET',
      httpVersion: '1.1',
      originalUrl: '/api/movies',
      query: {}
    },
    res: { statusCode: 200 },
    responseTime: 59
  },
  level: 'info',
  message: 'HTTP GET /api/movies'
}
{
  meta: {
    req: {
      url: '/api/movies',
      headers: {
        host: 'localhost:8080',
        connection: 'keep-alive',
        pragma: 'no-cache',
        'cache-control': 'no-cache',
        'sec-ch-ua': '"Chromium";v="110", "Not A(Brand";v="24", "Google Chrome";v="110"',
        accept: 'application/json, text/plain, */*',
        'sec-ch-ua-mobile': '?0',
        'user-agent': 'Mozilla/5.0 (Windows NT 10.0; Win64; x64) AppleWebKit/537.36 (KHTML, like Gecko) Chrome/110.0.0.0 Safari/537.36',
        'sec-ch-ua-platform': '"Windows"',
        origin: 'http://localhost:3000',
        'sec-fetch-site': 'same-site',
        'sec-fetch-mode': 'cors',
        'sec-fetch-dest': 'empty',
        referer: 'http://localhost:3000/',
        'accept-encoding': 'gzip, deflate, br',
        'accept-language': 'en-US,en;q=0.9,kk;q=0.8'
      },
      method: 'GET',
      httpVersion: '1.1',
      originalUrl: '/api/movies',
      query: {}
    },
    res: { statusCode: 200 },
    responseTime: 57
  },
  level: 'info',
  message: 'HTTP GET /api/movies'
}
