{
  error: Error: FATAL ERROR: jwtPrivateKey is not defined.
      at module.exports (C:\Users\omar_\Desktop\LUVAC\server\startup\config.js:5:15)
      at Object.<anonymous> (C:\Users\omar_\Desktop\LUVAC\server\index.js:24:28)
      at Module._compile (node:internal/modules/cjs/loader:1105:14)
      at Object.Module._extensions..js (node:internal/modules/cjs/loader:1159:10)
      at Module.load (node:internal/modules/cjs/loader:981:32)
      at Function.Module._load (node:internal/modules/cjs/loader:822:12)
      at Function.executeUserEntryPoint [as runMain] (node:internal/modules/run_main:77:12)
      at node:internal/main/run_main_module:17:47,
  level: 'error',
  message: 'uncaughtException: FATAL ERROR: jwtPrivateKey is not defined.\n' +
    'Error: FATAL ERROR: jwtPrivateKey is not defined.\n' +
    '    at module.exports (C:\\Users\\omar_\\Desktop\\LUVAC\\server\\startup\\config.js:5:15)\n' +
    '    at Object.<anonymous> (C:\\Users\\omar_\\Desktop\\LUVAC\\server\\index.js:24:28)\n' +
    '    at Module._compile (node:internal/modules/cjs/loader:1105:14)\n' +
    '    at Object.Module._extensions..js (node:internal/modules/cjs/loader:1159:10)\n' +
    '    at Module.load (node:internal/modules/cjs/loader:981:32)\n' +
    '    at Function.Module._load (node:internal/modules/cjs/loader:822:12)\n' +
    '    at Function.executeUserEntryPoint [as runMain] (node:internal/modules/run_main:77:12)\n' +
    '    at node:internal/main/run_main_module:17:47',
  stack: 'Error: FATAL ERROR: jwtPrivateKey is not defined.\n' +
    '    at module.exports (C:\\Users\\omar_\\Desktop\\LUVAC\\server\\startup\\config.js:5:15)\n' +
    '    at Object.<anonymous> (C:\\Users\\omar_\\Desktop\\LUVAC\\server\\index.js:24:28)\n' +
    '    at Module._compile (node:internal/modules/cjs/loader:1105:14)\n' +
    '    at Object.Module._extensions..js (node:internal/modules/cjs/loader:1159:10)\n' +
    '    at Module.load (node:internal/modules/cjs/loader:981:32)\n' +
    '    at Function.Module._load (node:internal/modules/cjs/loader:822:12)\n' +
    '    at Function.executeUserEntryPoint [as runMain] (node:internal/modules/run_main:77:12)\n' +
    '    at node:internal/main/run_main_module:17:47',
  exception: true,
  date: 'Wed Feb 22 2023 17:08:25 GMT-0600 (Central Standard Time)',
  process: {
    pid: 60888,
    uid: null,
    gid: null,
    cwd: 'C:\\Users\\omar_\\Desktop\\LUVAC\\server',
    execPath: 'C:\\Program Files\\nodejs\\node.exe',
    version: 'v16.15.1',
    argv: [
      'C:\\Program Files\\nodejs\\node.exe',
      'C:\\Users\\omar_\\Desktop\\LUVAC\\server\\index.js'
    ],
    memoryUsage: {
      rss: 80412672,
      heapTotal: 59088896,
      heapUsed: 41301128,
      external: 44379465,
      arrayBuffers: 37827117
    }
  },
  os: { loadavg: [ 0, 0, 0 ], uptime: 1562129 },
  trace: [
    {
      column: 15,
      file: 'C:\\Users\\omar_\\Desktop\\LUVAC\\server\\startup\\config.js',
      function: 'module.exports',
      line: 5,
      method: 'exports',
      native: false
    },
    {
      column: 28,
      file: 'C:\\Users\\omar_\\Desktop\\LUVAC\\server\\index.js',
      function: null,
      line: 24,
      method: null,
      native: false
    },
    {
      column: 14,
      file: 'node:internal/modules/cjs/loader',
      function: 'Module._compile',
      line: 1105,
      method: '_compile',
      native: false
    },
    {
      column: 10,
      file: 'node:internal/modules/cjs/loader',
      function: 'Module._extensions..js',
      line: 1159,
      method: '.js',
      native: false
    },
    {
      column: 32,
      file: 'node:internal/modules/cjs/loader',
      function: 'Module.load',
      line: 981,
      method: 'load',
      native: false
    },
    {
      column: 12,
      file: 'node:internal/modules/cjs/loader',
      function: 'Module._load',
      line: 822,
      method: '_load',
      native: false
    },
    {
      column: 12,
      file: 'node:internal/modules/run_main',
      function: 'Function.executeUserEntryPoint [as runMain]',
      line: 77,
      method: 'executeUserEntryPoint [as runMain]',
      native: false
    },
    {
      column: 47,
      file: 'node:internal/main/run_main_module',
      function: null,
      line: 17,
      method: null,
      native: false
    }
  ]
}
{
  error: Error: FATAL ERROR: jwtPrivateKey is not defined.
      at module.exports (C:\Users\omar_\Desktop\LUVAC\server\startup\config.js:5:15)
      at Object.<anonymous> (C:\Users\omar_\Desktop\LUVAC\server\index.js:24:28)
      at Module._compile (node:internal/modules/cjs/loader:1105:14)
      at Object.Module._extensions..js (node:internal/modules/cjs/loader:1159:10)
      at Module.load (node:internal/modules/cjs/loader:981:32)
      at Function.Module._load (node:internal/modules/cjs/loader:822:12)
      at Function.executeUserEntryPoint [as runMain] (node:internal/modules/run_main:77:12)
      at node:internal/main/run_main_module:17:47,
  level: 'error',
  message: 'uncaughtException: FATAL ERROR: jwtPrivateKey is not defined.\n' +
    'Error: FATAL ERROR: jwtPrivateKey is not defined.\n' +
    '    at module.exports (C:\\Users\\omar_\\Desktop\\LUVAC\\server\\startup\\config.js:5:15)\n' +
    '    at Object.<anonymous> (C:\\Users\\omar_\\Desktop\\LUVAC\\server\\index.js:24:28)\n' +
    '    at Module._compile (node:internal/modules/cjs/loader:1105:14)\n' +
    '    at Object.Module._extensions..js (node:internal/modules/cjs/loader:1159:10)\n' +
    '    at Module.load (node:internal/modules/cjs/loader:981:32)\n' +
    '    at Function.Module._load (node:internal/modules/cjs/loader:822:12)\n' +
    '    at Function.executeUserEntryPoint [as runMain] (node:internal/modules/run_main:77:12)\n' +
    '    at node:internal/main/run_main_module:17:47',
  stack: 'Error: FATAL ERROR: jwtPrivateKey is not defined.\n' +
    '    at module.exports (C:\\Users\\omar_\\Desktop\\LUVAC\\server\\startup\\config.js:5:15)\n' +
    '    at Object.<anonymous> (C:\\Users\\omar_\\Desktop\\LUVAC\\server\\index.js:24:28)\n' +
    '    at Module._compile (node:internal/modules/cjs/loader:1105:14)\n' +
    '    at Object.Module._extensions..js (node:internal/modules/cjs/loader:1159:10)\n' +
    '    at Module.load (node:internal/modules/cjs/loader:981:32)\n' +
    '    at Function.Module._load (node:internal/modules/cjs/loader:822:12)\n' +
    '    at Function.executeUserEntryPoint [as runMain] (node:internal/modules/run_main:77:12)\n' +
    '    at node:internal/main/run_main_module:17:47',
  exception: true,
  date: 'Wed Feb 22 2023 17:08:33 GMT-0600 (Central Standard Time)',
  process: {
    pid: 2004,
    uid: null,
    gid: null,
    cwd: 'C:\\Users\\omar_\\Desktop\\LUVAC\\server',
    execPath: 'C:\\Program Files\\nodejs\\node.exe',
    version: 'v16.15.1',
    argv: [
      'C:\\Program Files\\nodejs\\node.exe',
      'C:\\Users\\omar_\\Desktop\\LUVAC\\server\\index.js'
    ],
    memoryUsage: {
      rss: 80945152,
      heapTotal: 61186048,
      heapUsed: 28898464,
      external: 37068823,
      arrayBuffers: 36121581
    }
  },
  os: { loadavg: [ 0, 0, 0 ], uptime: 1562137 },
  trace: [
    {
      column: 15,
      file: 'C:\\Users\\omar_\\Desktop\\LUVAC\\server\\startup\\config.js',
      function: 'module.exports',
      line: 5,
      method: 'exports',
      native: false
    },
    {
      column: 28,
      file: 'C:\\Users\\omar_\\Desktop\\LUVAC\\server\\index.js',
      function: null,
      line: 24,
      method: null,
      native: false
    },
    {
      column: 14,
      file: 'node:internal/modules/cjs/loader',
      function: 'Module._compile',
      line: 1105,
      method: '_compile',
      native: false
    },
    {
      column: 10,
      file: 'node:internal/modules/cjs/loader',
      function: 'Module._extensions..js',
      line: 1159,
      method: '.js',
      native: false
    },
    {
      column: 32,
      file: 'node:internal/modules/cjs/loader',
      function: 'Module.load',
      line: 981,
      method: 'load',
      native: false
    },
    {
      column: 12,
      file: 'node:internal/modules/cjs/loader',
      function: 'Module._load',
      line: 822,
      method: '_load',
      native: false
    },
    {
      column: 12,
      file: 'node:internal/modules/run_main',
      function: 'Function.executeUserEntryPoint [as runMain]',
      line: 77,
      method: 'executeUserEntryPoint [as runMain]',
      native: false
    },
    {
      column: 47,
      file: 'node:internal/main/run_main_module',
      function: null,
      line: 17,
      method: null,
      native: false
    }
  ]
}
